Voltage
Steer_Origin_Flag
ipc_strr
MODE
flag
enflag
ACC
Vspd
Motor_Spd
Steer_sensor_angle
RES_Value
Read_compare_OutVolt
Back_Angle
Read_Lft_Acc_Disp
Read_Right_Acc_Disp1
Read_Brk_Liquid_Prs
Read_EBS_Gas_Prs1
Read_EBS_Gas_Prs2
Str
To_MOTOR_OK
ASSI_state
To_AMI_OK
Read_BCU
strsr_node
Brk_Enable_Flag
AMI_State
RES_EBS
Metoc_Move
MNT_SEND
ENCODER_SEND
brake_node
AMI_HEART
RES__ok
ASMS_VALUE
AMI
Steer_Status
motec_node
bms_node
STRSNR
BMS
AMI_NODE
res_go
res_ebs1
BRAKE
MOTEC
motor_node
TS_Flag
EBS_Status
BUC_Enable_Flag
sensor_erroe
Node_Lost
res_ebs_value
light_blue
Buzzer_pin
Stafe_Relay_pin
V48_relay
R2D_Voltage
IMD
EBS
BMS_LIGHT
LVMS_Read
HVMS_Read
On_Out_Switch
START
On_IN_Switch
HV_LIGHT
IMD_BENDER
ASMS_Read
EBS_Rel_Switch
Compare_Voltage
enable
blue
motor
Vel_spd
