Voltage
AMI_State
pulses
AMI
MODE
flag
enflag
Motor_Spd
Vspd
ACC
Steer_sensor_angle
RES_Value
Read_compare_OutVolt
Back_Angle
Read_Lft_Acc_Disp
Read_Right_Acc_Disp1
Read_EBS_Gas_Prs1
Read_EBS_Gas_Prs2
Read_liquid_presuress
Str
ASSI_state
Brk_Enable_Flag
RES_EBS
EBS_light
Metoc_Move
MNT_SEND
ENCODER_SEND
Read_BCU
read_speed
ASMS_VALUE
Steer_Status
motec_node
bms_node
To_AMI_OK
strsr_node
brake_node
RES__ok
error_left
error_right
error_liquid
error_gas1
error_gas2
res_go
res_ebs_value
To_MOTOR_OK
motor_node
AMI_HEART
TS_Flag
EBS_Status
BUC_Enable_Flag
EBS_Sensor_light
sensor_erroe
Node_Lost
light_blue
Buzzer_pin
Stafe_Relay_pin
V48_relay
R2D_Voltage
IMD
EBS
BMS_LIGHT
brake_light
LVMS_Read
HVMS_Read
ASMS_Read
On_Out_Switch
START
On_IN_Switch
HV_LIGHT
EBS_Rel_Switch
Compare_Voltage
enable
blue
motor
Vel_spd
